2025-03-03 22:36:40.565 [info] Extension host with pid 1735 started
2025-03-03 22:36:40.566 [error] Error: EEXIST: file already exists, open '/home/laura199863/.codeoss/data/User/workspaceStorage/2e83826c/vscode.lock'
2025-03-03 22:36:40.590 [info] Lock '/home/laura199863/.codeoss/data/User/workspaceStorage/2e83826c/vscode.lock': Could not acquire lock, checking if the file is stale.
2025-03-03 22:36:40.597 [info] Lock '/home/laura199863/.codeoss/data/User/workspaceStorage/2e83826c/vscode.lock': The lock does not look stale, elapsed: 863 ms, giving up.
2025-03-03 22:36:40.608 [error] Error: EEXIST: file already exists, open '/home/laura199863/.codeoss/data/User/workspaceStorage/2e83826c-1/vscode.lock'
2025-03-03 22:36:40.611 [info] Lock '/home/laura199863/.codeoss/data/User/workspaceStorage/2e83826c-1/vscode.lock': Could not acquire lock, checking if the file is stale.
2025-03-03 22:36:40.612 [info] Lock '/home/laura199863/.codeoss/data/User/workspaceStorage/2e83826c-1/vscode.lock': The lock does not look stale, elapsed: 989 ms, giving up.
2025-03-03 22:36:40.624 [info] Lock '/home/laura199863/.codeoss/data/User/workspaceStorage/2e83826c-2/vscode.lock': Lock acquired.
2025-03-03 22:36:40.660 [info] ExtensionService#_doActivateExtension vscode.git-base, startup: true, activationEvent: '*', root cause: vscode.git
2025-03-03 22:36:40.747 [info] ExtensionService#_doActivateExtension vscode.git, startup: true, activationEvent: '*'
2025-03-03 22:36:40.748 [info] ExtensionService#_doActivateExtension vscode.github, startup: true, activationEvent: '*'
2025-03-03 22:36:40.995 [info] Eager extensions activated
2025-03-03 22:36:40.996 [info] ExtensionService#_doActivateExtension EditorConfig.EditorConfig, startup: false, activationEvent: 'onStartupFinished'
2025-03-03 22:36:40.997 [info] ExtensionService#_doActivateExtension google.cloud-shell, startup: false, activationEvent: 'onStartupFinished'
2025-03-03 22:36:40.997 [info] ExtensionService#_doActivateExtension google.geminicodeassist, startup: false, activationEvent: 'onStartupFinished', root cause: googlecloudtools.cloudcode
2025-03-03 22:36:40.998 [info] ExtensionService#_doActivateExtension vscode.debug-auto-launch, startup: false, activationEvent: 'onStartupFinished'
2025-03-03 22:36:40.998 [info] ExtensionService#_doActivateExtension vscode.merge-conflict, startup: false, activationEvent: 'onStartupFinished'
2025-03-03 22:36:42.340 [info] ExtensionService#_doActivateExtension googlecloudtools.cloudcode, startup: false, activationEvent: 'onStartupFinished'
2025-03-03 22:36:44.690 [info] ExtensionService#_doActivateExtension vscode.configuration-editing, startup: false, activationEvent: 'onLanguage:jsonc'
2025-03-03 22:36:44.691 [info] ExtensionService#_doActivateExtension vscode.json-language-features, startup: false, activationEvent: 'onLanguage:jsonc'
2025-03-03 22:36:44.692 [info] ExtensionService#_doActivateExtension vscode.typescript-language-features, startup: false, activationEvent: 'onLanguage:jsonc'
2025-03-03 22:36:44.692 [info] ExtensionService#_doActivateExtension vscode.emmet, startup: false, activationEvent: 'onLanguage'
2025-03-03 22:37:02.655 [info] ExtensionService#_doActivateExtension ms-python.python, startup: false, activationEvent: 'onLanguage:python'
2025-03-03 22:37:03.111 [error] Error: spawn /google/devshell/editor/code-oss-for-cloud-shell/extensions/ms-python.python/python-env-tools/bin/pet ENOENT
    at Process.ChildProcess._handle.onexit (node:internal/child_process:286:19)
    at onErrorNT (node:internal/child_process:484:16)
    at processTicksAndRejections (node:internal/process/task_queues:82:21)
