2025-03-03 14:31:51.369 [info] [main] Log level: Info
2025-03-03 14:31:51.369 [info] [main] Validating found git in: "git"
2025-03-03 14:31:51.369 [info] [main] Using git "2.43.0" from "git"
2025-03-03 14:31:51.369 [info] [Model][doInitialScan] Initial repository scan started
2025-03-03 14:31:51.369 [info] > git rev-parse --show-toplevel [1454ms]
2025-03-03 14:31:51.369 [info] fatal: not a git repository (or any parent up to mount point /)
Stopping at filesystem boundary (GIT_DISCOVERY_ACROSS_FILESYSTEM not set).
2025-03-03 14:31:51.369 [info] > git rev-parse --show-toplevel [2ms]
2025-03-03 14:31:51.369 [info] fatal: not a git repository (or any parent up to mount point /)
Stopping at filesystem boundary (GIT_DISCOVERY_ACROSS_FILESYSTEM not set).
2025-03-03 14:31:51.371 [info] > git rev-parse --show-toplevel [3ms]
2025-03-03 14:31:51.371 [info] fatal: not a git repository (or any parent up to mount point /)
Stopping at filesystem boundary (GIT_DISCOVERY_ACROSS_FILESYSTEM not set).
2025-03-03 14:31:51.378 [info] > git rev-parse --show-toplevel [2ms]
2025-03-03 14:31:51.378 [info] fatal: not a git repository (or any parent up to mount point /)
Stopping at filesystem boundary (GIT_DISCOVERY_ACROSS_FILESYSTEM not set).
2025-03-03 14:31:51.385 [info] > git rev-parse --show-toplevel [2ms]
2025-03-03 14:31:51.385 [info] fatal: not a git repository (or any parent up to mount point /)
Stopping at filesystem boundary (GIT_DISCOVERY_ACROSS_FILESYSTEM not set).
2025-03-03 14:31:53.820 [info] > git rev-parse --show-toplevel [2428ms]
2025-03-03 14:31:53.820 [info] fatal: not a git repository (or any parent up to mount point /)
Stopping at filesystem boundary (GIT_DISCOVERY_ACROSS_FILESYSTEM not set).
2025-03-03 14:31:53.836 [info] > git rev-parse --show-toplevel [4ms]
2025-03-03 14:31:53.836 [info] fatal: not a git repository (or any parent up to mount point /)
Stopping at filesystem boundary (GIT_DISCOVERY_ACROSS_FILESYSTEM not set).
2025-03-03 14:31:53.848 [info] > git rev-parse --show-toplevel [3ms]
2025-03-03 14:31:53.848 [info] fatal: not a git repository (or any parent up to mount point /)
Stopping at filesystem boundary (GIT_DISCOVERY_ACROSS_FILESYSTEM not set).
2025-03-03 14:31:53.849 [info] [Model][doInitialScan] Initial repository scan completed - repositories (0), closed repositories (0), parent repositories (0), unsafe repositories (0)
2025-03-03 14:31:54.652 [info] > git rev-parse --show-toplevel [18ms]
2025-03-03 14:31:54.652 [info] fatal: not a git repository (or any parent up to mount point /)
Stopping at filesystem boundary (GIT_DISCOVERY_ACROSS_FILESYSTEM not set).
