2025-03-03 20:51:46.631 [warning] Dir "/home/laura199863/.pixi/envs" is not watchable (directory does not exist)
2025-03-03 20:51:46.631 [info] Starting Environment refresh
2025-03-03 20:51:46.631 [info] Searching for interpreters in posix paths locator
2025-03-03 20:51:46.631 [info] Searching for pyenv environments
2025-03-03 20:51:46.631 [info] Searching for conda environments
2025-03-03 20:51:46.631 [info] Searching for global virtual environments
2025-03-03 20:51:46.631 [info] Searching for custom virtual environments
2025-03-03 20:51:46.631 [info] pyenv is not installed
2025-03-03 20:51:46.631 [info] Finished searching for pyenv environments: 55 milliseconds
2025-03-03 20:51:46.631 [info] Finished searching for custom virtual envs: 53 milliseconds
2025-03-03 20:51:46.631 [info] > conda info --json
2025-03-03 20:51:46.631 [info] > hatch env show --json
2025-03-03 20:51:46.631 [info] cwd: .
2025-03-03 20:51:46.631 [info] > pyenv which python
2025-03-03 20:51:46.631 [info] cwd: .
2025-03-03 20:51:46.631 [info] Finished searching for global virtual envs: 103 milliseconds
2025-03-03 20:51:46.634 [info] Found: /bin/python --> /bin/python3.12
2025-03-03 20:51:46.637 [info] Found: /bin/python3 --> /bin/python3.12
2025-03-03 20:51:46.638 [info] Found: /bin/python3.12 --> /bin/python3.12
2025-03-03 20:51:46.668 [info] Found: /usr/bin/python --> /usr/bin/python3.12
2025-03-03 20:51:46.669 [info] Found: /usr/bin/python3 --> /usr/bin/python3.12
2025-03-03 20:51:46.669 [info] Found: /usr/bin/python3.12 --> /usr/bin/python3.12
2025-03-03 20:51:46.735 [info] Finished searching for interpreters in posix paths locator: 229 milliseconds
2025-03-03 20:51:46.735 [info] > /bin/python -I /google/devshell/editor/code-oss-for-cloud-shell/extensions/ms-python.python/python_files/get_output_via_markers.py /google/devshell/editor/code-oss-for-cloud-shell/extensions/ms-python.python/python_files/interpreterInfo.py
2025-03-03 20:51:46.778 [info] > /usr/bin/python -I /google/devshell/editor/code-oss-for-cloud-shell/extensions/ms-python.python/python_files/get_output_via_markers.py /google/devshell/editor/code-oss-for-cloud-shell/extensions/ms-python.python/python_files/interpreterInfo.py
2025-03-03 20:51:46.778 [info] Environments refresh paths discovered (event): 282 milliseconds
2025-03-03 20:51:46.778 [info] Environments refresh paths discovered: 282 milliseconds
2025-03-03 20:51:46.915 [info] Environments refresh finished (event): 419 milliseconds
2025-03-03 20:51:46.948 [info] Environment refresh took 442 milliseconds
2025-03-03 20:51:46.955 [info] Python interpreter path: /bin/python
2025-03-03 20:51:50.029 [info] Starting Jedi language server for laura199863.
2025-03-03 20:52:00.242 [info] Discover tests for workspace name: laura199863 - uri: /home/laura199863/dataflow_transformation.py
