2025-03-03 15:06:10.136 [info] Extension host with pid 1872 started
2025-03-03 15:06:10.136 [error] Error: EEXIST: file already exists, open '/home/laura199863/.codeoss/data/User/workspaceStorage/2e83826c/vscode.lock'
2025-03-03 15:06:10.165 [info] Lock '/home/laura199863/.codeoss/data/User/workspaceStorage/2e83826c/vscode.lock': Could not acquire lock, checking if the file is stale.
2025-03-03 15:06:10.172 [info] Lock '/home/laura199863/.codeoss/data/User/workspaceStorage/2e83826c/vscode.lock': The lock does not look stale, elapsed: 909 ms, giving up.
2025-03-03 15:06:10.180 [error] Error: EEXIST: file already exists, open '/home/laura199863/.codeoss/data/User/workspaceStorage/2e83826c-1/vscode.lock'
2025-03-03 15:06:10.183 [info] Lock '/home/laura199863/.codeoss/data/User/workspaceStorage/2e83826c-1/vscode.lock': Could not acquire lock, checking if the file is stale.
2025-03-03 15:06:10.184 [info] Lock '/home/laura199863/.codeoss/data/User/workspaceStorage/2e83826c-1/vscode.lock': The lock does not look stale, elapsed: 571 ms, giving up.
2025-03-03 15:06:10.195 [info] Lock '/home/laura199863/.codeoss/data/User/workspaceStorage/2e83826c-2/vscode.lock': Lock acquired.
2025-03-03 15:06:10.245 [info] ExtensionService#_doActivateExtension vscode.git-base, startup: true, activationEvent: '*', root cause: vscode.git
2025-03-03 15:06:10.405 [info] ExtensionService#_doActivateExtension vscode.git, startup: true, activationEvent: '*'
2025-03-03 15:06:10.405 [info] ExtensionService#_doActivateExtension vscode.github, startup: true, activationEvent: '*'
2025-03-03 15:06:10.694 [info] Eager extensions activated
2025-03-03 15:06:10.694 [info] ExtensionService#_doActivateExtension EditorConfig.EditorConfig, startup: false, activationEvent: 'onStartupFinished'
2025-03-03 15:06:10.695 [info] ExtensionService#_doActivateExtension google.cloud-shell, startup: false, activationEvent: 'onStartupFinished'
2025-03-03 15:06:10.695 [info] ExtensionService#_doActivateExtension google.geminicodeassist, startup: false, activationEvent: 'onStartupFinished', root cause: googlecloudtools.cloudcode
2025-03-03 15:06:10.696 [info] ExtensionService#_doActivateExtension vscode.debug-auto-launch, startup: false, activationEvent: 'onStartupFinished'
2025-03-03 15:06:10.696 [info] ExtensionService#_doActivateExtension vscode.merge-conflict, startup: false, activationEvent: 'onStartupFinished'
2025-03-03 15:06:12.222 [info] ExtensionService#_doActivateExtension googlecloudtools.cloudcode, startup: false, activationEvent: 'onStartupFinished'
2025-03-03 15:06:14.660 [info] ExtensionService#_doActivateExtension vscode.configuration-editing, startup: false, activationEvent: 'onLanguage:jsonc'
2025-03-03 15:06:14.660 [info] ExtensionService#_doActivateExtension vscode.json-language-features, startup: false, activationEvent: 'onLanguage:jsonc'
2025-03-03 15:06:14.661 [info] ExtensionService#_doActivateExtension vscode.typescript-language-features, startup: false, activationEvent: 'onLanguage:jsonc'
2025-03-03 15:06:14.661 [info] ExtensionService#_doActivateExtension vscode.emmet, startup: false, activationEvent: 'onLanguage'
2025-03-03 15:37:09.808 [info] Extension host terminating: renderer disconnected for too long (2)
2025-03-03 15:37:09.863 [info] Lock '/home/laura199863/.codeoss/data/User/workspaceStorage/2e83826c-2/vscode.lock': Marking the lockfile as scheduled to be released in 6000 ms.
2025-03-03 15:37:09.899 [info] Extension host with pid 1872 exiting with code 0
