Initializing document watcher...
Document watcher initialized
laura199863/datos_transacciones.csv: {}
laura199863/datos_transacciones_final.csv: {}
laura199863/datos_transacciones_limpio.csv: {}
laura199863/datos_transacciones_final.csv: {}
laura199863/dataflow_transformation.py: {}
laura199863/dataflow_transformation.py: Using EditorConfig core...
laura199863/dataflow_transformation.py: {}
laura199863/dataflow_transformation.py: {}
laura199863/datos_transacciones_final.csv: {}
laura199863/datos_transacciones_limpio.csv: {}
laura199863/datos_transacciones.csv: {}
laura199863/limpiar_csv.py: {}
laura199863/README-cloudshell.txt: {}
laura199863/limpiar_csv.py: {}
laura199863/datos_transacciones_final.csv: {}
laura199863/datos_transacciones_final.csv: {}
laura199863/datos_transacciones_final.csv: {}
laura199863/dataflow_transformation.py: {}
laura199863/dataflow_transformation.py: {}
laura199863/dataflow_transformation.py: {}
laura199863/datos_transacciones_final.csv: {}
laura199863/datos_transacciones_limpio.csv: {}
laura199863/datos_transacciones_final.csv: {}
laura199863/datos_transacciones_limpio.csv: {}
laura199863/datos_transacciones_final.csv: {}
laura199863/dataflow_transformation.py: {}
