2025-03-03 20:51:53.046 [info] [main] Log level: Info
2025-03-03 20:51:53.046 [info] [main] Validating found git in: "git"
2025-03-03 20:51:53.046 [info] [main] Using git "2.43.0" from "git"
2025-03-03 20:51:53.046 [info] [Model][doInitialScan] Initial repository scan started
2025-03-03 20:51:53.046 [info] > git rev-parse --show-toplevel [5ms]
2025-03-03 20:51:53.046 [info] fatal: not a git repository (or any parent up to mount point /)
Stopping at filesystem boundary (GIT_DISCOVERY_ACROSS_FILESYSTEM not set).
2025-03-03 20:51:53.046 [info] > git rev-parse --show-toplevel [3ms]
2025-03-03 20:51:53.046 [info] fatal: not a git repository (or any parent up to mount point /)
Stopping at filesystem boundary (GIT_DISCOVERY_ACROSS_FILESYSTEM not set).
2025-03-03 20:51:53.046 [info] > git rev-parse --show-toplevel [3ms]
2025-03-03 20:51:53.046 [info] fatal: not a git repository (or any parent up to mount point /)
Stopping at filesystem boundary (GIT_DISCOVERY_ACROSS_FILESYSTEM not set).
2025-03-03 20:51:53.046 [info] > git rev-parse --show-toplevel [1227ms]
2025-03-03 20:51:53.046 [info] fatal: not a git repository (or any parent up to mount point /)
Stopping at filesystem boundary (GIT_DISCOVERY_ACROSS_FILESYSTEM not set).
2025-03-03 20:51:53.046 [info] > git rev-parse --show-toplevel [5ms]
2025-03-03 20:51:53.046 [info] fatal: not a git repository (or any parent up to mount point /)
Stopping at filesystem boundary (GIT_DISCOVERY_ACROSS_FILESYSTEM not set).
2025-03-03 20:51:53.053 [info] > git rev-parse --show-toplevel [2ms]
2025-03-03 20:51:53.053 [info] fatal: not a git repository (or any parent up to mount point /)
Stopping at filesystem boundary (GIT_DISCOVERY_ACROSS_FILESYSTEM not set).
2025-03-03 20:51:53.059 [info] > git rev-parse --show-toplevel [2ms]
2025-03-03 20:51:53.059 [info] fatal: not a git repository (or any parent up to mount point /)
Stopping at filesystem boundary (GIT_DISCOVERY_ACROSS_FILESYSTEM not set).
2025-03-03 20:51:53.065 [info] > git rev-parse --show-toplevel [2ms]
2025-03-03 20:51:53.065 [info] fatal: not a git repository (or any parent up to mount point /)
Stopping at filesystem boundary (GIT_DISCOVERY_ACROSS_FILESYSTEM not set).
2025-03-03 20:51:53.072 [info] > git rev-parse --show-toplevel [1ms]
2025-03-03 20:51:53.072 [info] fatal: not a git repository (or any parent up to mount point /)
Stopping at filesystem boundary (GIT_DISCOVERY_ACROSS_FILESYSTEM not set).
2025-03-03 20:51:53.078 [info] > git rev-parse --show-toplevel [1ms]
2025-03-03 20:51:53.078 [info] fatal: not a git repository (or any parent up to mount point /)
Stopping at filesystem boundary (GIT_DISCOVERY_ACROSS_FILESYSTEM not set).
2025-03-03 20:51:53.079 [info] [Model][doInitialScan] Initial repository scan completed - repositories (0), closed repositories (0), parent repositories (0), unsafe repositories (0)
