2025-03-03 15:01:00.863 [info] [main] Log level: Info
2025-03-03 15:01:00.863 [info] [main] Validating found git in: "git"
2025-03-03 15:01:00.863 [info] [main] Using git "2.43.0" from "git"
2025-03-03 15:01:00.863 [info] [Model][doInitialScan] Initial repository scan started
2025-03-03 15:01:00.863 [info] > git rev-parse --show-toplevel [3ms]
2025-03-03 15:01:00.863 [info] fatal: not a git repository (or any parent up to mount point /)
Stopping at filesystem boundary (GIT_DISCOVERY_ACROSS_FILESYSTEM not set).
2025-03-03 15:01:00.863 [info] > git rev-parse --show-toplevel [2ms]
2025-03-03 15:01:00.863 [info] fatal: not a git repository (or any parent up to mount point /)
Stopping at filesystem boundary (GIT_DISCOVERY_ACROSS_FILESYSTEM not set).
2025-03-03 15:01:00.863 [info] > git rev-parse --show-toplevel [2ms]
2025-03-03 15:01:00.863 [info] fatal: not a git repository (or any parent up to mount point /)
Stopping at filesystem boundary (GIT_DISCOVERY_ACROSS_FILESYSTEM not set).
2025-03-03 15:01:00.863 [info] > git rev-parse --show-toplevel [54ms]
2025-03-03 15:01:00.863 [info] fatal: not a git repository (or any parent up to mount point /)
Stopping at filesystem boundary (GIT_DISCOVERY_ACROSS_FILESYSTEM not set).
2025-03-03 15:01:00.863 [info] > git rev-parse --show-toplevel [11ms]
2025-03-03 15:01:00.863 [info] fatal: not a git repository (or any parent up to mount point /)
Stopping at filesystem boundary (GIT_DISCOVERY_ACROSS_FILESYSTEM not set).
2025-03-03 15:01:00.864 [info] > git rev-parse --show-toplevel [2ms]
2025-03-03 15:01:00.864 [info] fatal: not a git repository (or any parent up to mount point /)
Stopping at filesystem boundary (GIT_DISCOVERY_ACROSS_FILESYSTEM not set).
2025-03-03 15:01:00.870 [info] > git rev-parse --show-toplevel [1ms]
2025-03-03 15:01:00.870 [info] fatal: not a git repository (or any parent up to mount point /)
Stopping at filesystem boundary (GIT_DISCOVERY_ACROSS_FILESYSTEM not set).
2025-03-03 15:01:00.876 [info] > git rev-parse --show-toplevel [2ms]
2025-03-03 15:01:00.876 [info] fatal: not a git repository (or any parent up to mount point /)
Stopping at filesystem boundary (GIT_DISCOVERY_ACROSS_FILESYSTEM not set).
2025-03-03 15:01:00.882 [info] > git rev-parse --show-toplevel [2ms]
2025-03-03 15:01:00.882 [info] fatal: not a git repository (or any parent up to mount point /)
Stopping at filesystem boundary (GIT_DISCOVERY_ACROSS_FILESYSTEM not set).
2025-03-03 15:01:00.882 [info] [Model][doInitialScan] Initial repository scan completed - repositories (0), closed repositories (0), parent repositories (0), unsafe repositories (0)
