2025-03-03 16:27:24.718 [info] [main] Log level: Info
2025-03-03 16:27:24.718 [info] [main] Validating found git in: "git"
2025-03-03 16:27:24.718 [info] [main] Using git "2.43.0" from "git"
2025-03-03 16:27:24.718 [info] [Model][doInitialScan] Initial repository scan started
2025-03-03 16:27:24.718 [info] > git rev-parse --show-toplevel [9ms]
2025-03-03 16:27:24.718 [info] fatal: not a git repository (or any parent up to mount point /)
Stopping at filesystem boundary (GIT_DISCOVERY_ACROSS_FILESYSTEM not set).
2025-03-03 16:27:24.726 [info] > git rev-parse --show-toplevel [2ms]
2025-03-03 16:27:24.726 [info] fatal: not a git repository (or any parent up to mount point /)
Stopping at filesystem boundary (GIT_DISCOVERY_ACROSS_FILESYSTEM not set).
2025-03-03 16:27:24.733 [info] > git rev-parse --show-toplevel [3ms]
2025-03-03 16:27:24.733 [info] fatal: not a git repository (or any parent up to mount point /)
Stopping at filesystem boundary (GIT_DISCOVERY_ACROSS_FILESYSTEM not set).
2025-03-03 16:27:24.740 [info] > git rev-parse --show-toplevel [2ms]
2025-03-03 16:27:24.741 [info] fatal: not a git repository (or any parent up to mount point /)
Stopping at filesystem boundary (GIT_DISCOVERY_ACROSS_FILESYSTEM not set).
2025-03-03 16:27:26.254 [info] > git rev-parse --show-toplevel [1507ms]
2025-03-03 16:27:26.254 [info] fatal: not a git repository (or any parent up to mount point /)
Stopping at filesystem boundary (GIT_DISCOVERY_ACROSS_FILESYSTEM not set).
2025-03-03 16:27:26.265 [info] > git rev-parse --show-toplevel [2ms]
2025-03-03 16:27:26.265 [info] fatal: not a git repository (or any parent up to mount point /)
Stopping at filesystem boundary (GIT_DISCOVERY_ACROSS_FILESYSTEM not set).
2025-03-03 16:27:26.275 [info] > git rev-parse --show-toplevel [2ms]
2025-03-03 16:27:26.275 [info] fatal: not a git repository (or any parent up to mount point /)
Stopping at filesystem boundary (GIT_DISCOVERY_ACROSS_FILESYSTEM not set).
2025-03-03 16:27:26.282 [info] > git rev-parse --show-toplevel [1ms]
2025-03-03 16:27:26.282 [info] fatal: not a git repository (or any parent up to mount point /)
Stopping at filesystem boundary (GIT_DISCOVERY_ACROSS_FILESYSTEM not set).
2025-03-03 16:27:26.288 [info] > git rev-parse --show-toplevel [2ms]
2025-03-03 16:27:26.288 [info] fatal: not a git repository (or any parent up to mount point /)
Stopping at filesystem boundary (GIT_DISCOVERY_ACROSS_FILESYSTEM not set).
2025-03-03 16:27:26.295 [info] > git rev-parse --show-toplevel [1ms]
2025-03-03 16:27:26.295 [info] fatal: not a git repository (or any parent up to mount point /)
Stopping at filesystem boundary (GIT_DISCOVERY_ACROSS_FILESYSTEM not set).
2025-03-03 16:27:26.296 [info] [Model][doInitialScan] Initial repository scan completed - repositories (0), closed repositories (0), parent repositories (0), unsafe repositories (0)
