2025-03-03 22:31:40.288 [info] Extension host with pid 1216 started
2025-03-03 22:31:40.288 [error] Error: EEXIST: file already exists, open '/home/laura199863/.codeoss/data/User/workspaceStorage/2e83826c/vscode.lock'
2025-03-03 22:31:40.344 [info] Lock '/home/laura199863/.codeoss/data/User/workspaceStorage/2e83826c/vscode.lock': Could not acquire lock, checking if the file is stale.
2025-03-03 22:31:40.366 [info] Lock '/home/laura199863/.codeoss/data/User/workspaceStorage/2e83826c/vscode.lock': The lock does not look stale, elapsed: 2298 ms, giving up.
2025-03-03 22:31:40.389 [error] Error: EEXIST: file already exists, open '/home/laura199863/.codeoss/data/User/workspaceStorage/2e83826c-1/vscode.lock'
2025-03-03 22:31:40.482 [info] ExtensionService#_doActivateExtension vscode.git-base, startup: true, activationEvent: '*', root cause: vscode.git
2025-03-03 22:31:40.528 [info] Lock '/home/laura199863/.codeoss/data/User/workspaceStorage/2e83826c-1/vscode.lock': Could not acquire lock, checking if the file is stale.
2025-03-03 22:31:40.538 [info] Lock '/home/laura199863/.codeoss/data/User/workspaceStorage/2e83826c-1/vscode.lock': The lock looks stale, waiting for 2s.
2025-03-03 22:31:42.538 [info] Lock '/home/laura199863/.codeoss/data/User/workspaceStorage/2e83826c-1/vscode.lock': The lock looks stale even after waiting for 2s.
2025-03-03 22:31:42.538 [info] Lock '/home/laura199863/.codeoss/data/User/workspaceStorage/2e83826c-1/vscode.lock': Deleting a stale lock.
2025-03-03 22:31:42.561 [info] Lock '/home/laura199863/.codeoss/data/User/workspaceStorage/2e83826c-1/vscode.lock': Lock acquired.
2025-03-03 22:31:42.625 [info] ExtensionService#_doActivateExtension vscode.git, startup: true, activationEvent: '*'
2025-03-03 22:31:42.626 [info] ExtensionService#_doActivateExtension vscode.github, startup: true, activationEvent: '*'
2025-03-03 22:31:42.969 [info] Eager extensions activated
2025-03-03 22:31:42.969 [info] ExtensionService#_doActivateExtension EditorConfig.EditorConfig, startup: false, activationEvent: 'onStartupFinished'
2025-03-03 22:31:42.970 [info] ExtensionService#_doActivateExtension google.cloud-shell, startup: false, activationEvent: 'onStartupFinished'
2025-03-03 22:31:42.971 [info] ExtensionService#_doActivateExtension google.geminicodeassist, startup: false, activationEvent: 'onStartupFinished', root cause: googlecloudtools.cloudcode
2025-03-03 22:31:42.972 [info] ExtensionService#_doActivateExtension vscode.debug-auto-launch, startup: false, activationEvent: 'onStartupFinished'
2025-03-03 22:31:42.972 [info] ExtensionService#_doActivateExtension vscode.merge-conflict, startup: false, activationEvent: 'onStartupFinished'
2025-03-03 22:31:45.283 [info] ExtensionService#_doActivateExtension googlecloudtools.cloudcode, startup: false, activationEvent: 'onStartupFinished'
2025-03-03 22:31:49.466 [info] ExtensionService#_doActivateExtension vscode.configuration-editing, startup: false, activationEvent: 'onLanguage:jsonc'
2025-03-03 22:31:49.468 [info] ExtensionService#_doActivateExtension vscode.json-language-features, startup: false, activationEvent: 'onLanguage:jsonc'
2025-03-03 22:31:49.469 [info] ExtensionService#_doActivateExtension vscode.typescript-language-features, startup: false, activationEvent: 'onLanguage:jsonc'
2025-03-03 22:31:49.470 [info] ExtensionService#_doActivateExtension vscode.emmet, startup: false, activationEvent: 'onLanguage'
