2025-03-03 15:01:00.266 [info] Extension host with pid 1766 started
2025-03-03 15:01:00.266 [error] Error: EEXIST: file already exists, open '/home/laura199863/.codeoss/data/User/workspaceStorage/2e83826c/vscode.lock'
2025-03-03 15:01:00.272 [info] Lock '/home/laura199863/.codeoss/data/User/workspaceStorage/2e83826c/vscode.lock': Could not acquire lock, checking if the file is stale.
2025-03-03 15:01:00.288 [info] Lock '/home/laura199863/.codeoss/data/User/workspaceStorage/2e83826c/vscode.lock': The lock does not look stale, elapsed: 251 ms, giving up.
2025-03-03 15:01:00.298 [info] Lock '/home/laura199863/.codeoss/data/User/workspaceStorage/2e83826c-1/vscode.lock': Lock acquired.
2025-03-03 15:01:00.382 [info] ExtensionService#_doActivateExtension vscode.git-base, startup: true, activationEvent: '*', root cause: vscode.git
2025-03-03 15:01:00.476 [info] ExtensionService#_doActivateExtension vscode.git, startup: true, activationEvent: '*'
2025-03-03 15:01:00.476 [info] ExtensionService#_doActivateExtension vscode.github, startup: true, activationEvent: '*'
2025-03-03 15:01:00.920 [info] Eager extensions activated
2025-03-03 15:01:00.921 [info] ExtensionService#_doActivateExtension EditorConfig.EditorConfig, startup: false, activationEvent: 'onStartupFinished'
2025-03-03 15:01:00.921 [info] ExtensionService#_doActivateExtension google.cloud-shell, startup: false, activationEvent: 'onStartupFinished'
2025-03-03 15:01:00.922 [info] ExtensionService#_doActivateExtension google.geminicodeassist, startup: false, activationEvent: 'onStartupFinished', root cause: googlecloudtools.cloudcode
2025-03-03 15:01:00.923 [info] ExtensionService#_doActivateExtension vscode.debug-auto-launch, startup: false, activationEvent: 'onStartupFinished'
2025-03-03 15:01:00.924 [info] ExtensionService#_doActivateExtension vscode.merge-conflict, startup: false, activationEvent: 'onStartupFinished'
2025-03-03 15:01:02.452 [info] ExtensionService#_doActivateExtension googlecloudtools.cloudcode, startup: false, activationEvent: 'onStartupFinished'
2025-03-03 15:01:05.030 [info] ExtensionService#_doActivateExtension vscode.configuration-editing, startup: false, activationEvent: 'onLanguage:jsonc'
2025-03-03 15:01:05.031 [info] ExtensionService#_doActivateExtension vscode.json-language-features, startup: false, activationEvent: 'onLanguage:jsonc'
2025-03-03 15:01:05.032 [info] ExtensionService#_doActivateExtension vscode.typescript-language-features, startup: false, activationEvent: 'onLanguage:jsonc'
2025-03-03 15:01:05.032 [info] ExtensionService#_doActivateExtension vscode.emmet, startup: false, activationEvent: 'onLanguage'
2025-03-03 15:11:06.166 [info] Extension host terminating: renderer disconnected for too long (2)
2025-03-03 15:11:06.167 [info] Lock '/home/laura199863/.codeoss/data/User/workspaceStorage/2e83826c-1/vscode.lock': Marking the lockfile as scheduled to be released in 6000 ms.
2025-03-03 15:11:06.194 [info] Extension host with pid 1766 exiting with code 0
