2025-03-03 20:51:50.690 [info] Extension host with pid 1221 started
2025-03-03 20:51:50.690 [error] Error: EEXIST: file already exists, open '/home/laura199863/.codeoss/data/User/workspaceStorage/2e83826c/vscode.lock'
2025-03-03 20:51:50.745 [info] Lock '/home/laura199863/.codeoss/data/User/workspaceStorage/2e83826c/vscode.lock': Could not acquire lock, checking if the file is stale.
2025-03-03 20:51:50.843 [info] ExtensionService#_doActivateExtension vscode.git-base, startup: true, activationEvent: '*', root cause: vscode.git
2025-03-03 20:51:50.903 [info] Lock '/home/laura199863/.codeoss/data/User/workspaceStorage/2e83826c/vscode.lock': The lock does not look stale, elapsed: 520 ms, giving up.
2025-03-03 20:51:50.927 [error] Error: EEXIST: file already exists, open '/home/laura199863/.codeoss/data/User/workspaceStorage/2e83826c-1/vscode.lock'
2025-03-03 20:51:50.983 [info] Lock '/home/laura199863/.codeoss/data/User/workspaceStorage/2e83826c-1/vscode.lock': Could not acquire lock, checking if the file is stale.
2025-03-03 20:51:50.985 [info] Lock '/home/laura199863/.codeoss/data/User/workspaceStorage/2e83826c-1/vscode.lock': The pid 2175 appears to be gone.
2025-03-03 20:51:50.985 [info] Lock '/home/laura199863/.codeoss/data/User/workspaceStorage/2e83826c-1/vscode.lock': Deleting a stale lock.
2025-03-03 20:51:50.997 [info] Lock '/home/laura199863/.codeoss/data/User/workspaceStorage/2e83826c-1/vscode.lock': Lock acquired.
2025-03-03 20:51:51.102 [info] ExtensionService#_doActivateExtension vscode.git, startup: true, activationEvent: '*'
2025-03-03 20:51:51.103 [info] ExtensionService#_doActivateExtension vscode.github, startup: true, activationEvent: '*'
2025-03-03 20:51:51.811 [info] Eager extensions activated
2025-03-03 20:51:51.812 [info] ExtensionService#_doActivateExtension EditorConfig.EditorConfig, startup: false, activationEvent: 'onStartupFinished'
2025-03-03 20:51:51.812 [info] ExtensionService#_doActivateExtension google.cloud-shell, startup: false, activationEvent: 'onStartupFinished'
2025-03-03 20:51:51.813 [info] ExtensionService#_doActivateExtension google.geminicodeassist, startup: false, activationEvent: 'onStartupFinished', root cause: googlecloudtools.cloudcode
2025-03-03 20:51:51.813 [info] ExtensionService#_doActivateExtension vscode.debug-auto-launch, startup: false, activationEvent: 'onStartupFinished'
2025-03-03 20:51:51.814 [info] ExtensionService#_doActivateExtension vscode.merge-conflict, startup: false, activationEvent: 'onStartupFinished'
2025-03-03 20:51:53.230 [info] ExtensionService#_doActivateExtension googlecloudtools.cloudcode, startup: false, activationEvent: 'onStartupFinished'
2025-03-03 20:52:18.089 [info] ExtensionService#_doActivateExtension vscode.configuration-editing, startup: false, activationEvent: 'onLanguage:jsonc'
2025-03-03 20:52:18.090 [info] ExtensionService#_doActivateExtension vscode.json-language-features, startup: false, activationEvent: 'onLanguage:jsonc'
2025-03-03 20:52:18.090 [info] ExtensionService#_doActivateExtension vscode.typescript-language-features, startup: false, activationEvent: 'onLanguage:jsonc'
2025-03-03 20:52:18.091 [info] ExtensionService#_doActivateExtension vscode.emmet, startup: false, activationEvent: 'onLanguage'
