2025-03-03 20:51:34.160 [info] [main] Log level: Info
2025-03-03 20:51:34.160 [info] [main] Validating found git in: "git"
2025-03-03 20:51:34.160 [info] [main] Using git "2.43.0" from "git"
2025-03-03 20:51:34.160 [info] [Model][doInitialScan] Initial repository scan started
2025-03-03 20:51:34.160 [info] > git rev-parse --show-toplevel [19ms]
2025-03-03 20:51:34.160 [info] fatal: not a git repository (or any parent up to mount point /)
Stopping at filesystem boundary (GIT_DISCOVERY_ACROSS_FILESYSTEM not set).
2025-03-03 20:51:34.185 [info] > git rev-parse --show-toplevel [7ms]
2025-03-03 20:51:34.185 [info] fatal: not a git repository (or any parent up to mount point /)
Stopping at filesystem boundary (GIT_DISCOVERY_ACROSS_FILESYSTEM not set).
2025-03-03 20:51:34.210 [info] > git rev-parse --show-toplevel [9ms]
2025-03-03 20:51:34.210 [info] fatal: not a git repository (or any parent up to mount point /)
Stopping at filesystem boundary (GIT_DISCOVERY_ACROSS_FILESYSTEM not set).
2025-03-03 20:51:34.265 [info] > git rev-parse --show-toplevel [34ms]
2025-03-03 20:51:34.265 [info] fatal: not a git repository (or any parent up to mount point /)
Stopping at filesystem boundary (GIT_DISCOVERY_ACROSS_FILESYSTEM not set).
2025-03-03 20:51:34.303 [info] > git rev-parse --show-toplevel [21ms]
2025-03-03 20:51:34.303 [info] fatal: not a git repository (or any parent up to mount point /)
Stopping at filesystem boundary (GIT_DISCOVERY_ACROSS_FILESYSTEM not set).
2025-03-03 20:51:34.341 [info] > git rev-parse --show-toplevel [26ms]
2025-03-03 20:51:34.341 [info] fatal: not a git repository (or any parent up to mount point /)
Stopping at filesystem boundary (GIT_DISCOVERY_ACROSS_FILESYSTEM not set).
2025-03-03 20:51:34.368 [info] > git rev-parse --show-toplevel [9ms]
2025-03-03 20:51:34.368 [info] fatal: not a git repository (or any parent up to mount point /)
Stopping at filesystem boundary (GIT_DISCOVERY_ACROSS_FILESYSTEM not set).
2025-03-03 20:51:34.389 [info] > git rev-parse --show-toplevel [8ms]
2025-03-03 20:51:34.389 [info] fatal: not a git repository (or any parent up to mount point /)
Stopping at filesystem boundary (GIT_DISCOVERY_ACROSS_FILESYSTEM not set).
2025-03-03 20:51:34.410 [info] > git rev-parse --show-toplevel [8ms]
2025-03-03 20:51:34.410 [info] fatal: not a git repository (or any parent up to mount point /)
Stopping at filesystem boundary (GIT_DISCOVERY_ACROSS_FILESYSTEM not set).
2025-03-03 20:51:34.431 [info] > git rev-parse --show-toplevel [6ms]
2025-03-03 20:51:34.431 [info] fatal: not a git repository (or any parent up to mount point /)
Stopping at filesystem boundary (GIT_DISCOVERY_ACROSS_FILESYSTEM not set).
2025-03-03 20:51:34.434 [info] [Model][doInitialScan] Initial repository scan completed - repositories (0), closed repositories (0), parent repositories (0), unsafe repositories (0)
2025-03-03 20:51:34.804 [info] > git rev-parse --show-toplevel [12ms]
2025-03-03 20:51:34.804 [info] fatal: not a git repository (or any parent up to mount point /)
Stopping at filesystem boundary (GIT_DISCOVERY_ACROSS_FILESYSTEM not set).
2025-03-03 20:51:40.434 [info] > git rev-parse --show-toplevel [21ms]
2025-03-03 20:51:40.434 [info] fatal: not a git repository (or any parent up to mount point /)
Stopping at filesystem boundary (GIT_DISCOVERY_ACROSS_FILESYSTEM not set).
2025-03-03 20:51:41.773 [info] > git rev-parse --show-toplevel [5ms]
2025-03-03 20:51:41.773 [info] fatal: not a git repository (or any parent up to mount point /)
Stopping at filesystem boundary (GIT_DISCOVERY_ACROSS_FILESYSTEM not set).
2025-03-03 20:51:43.473 [info] > git rev-parse --show-toplevel [5ms]
2025-03-03 20:51:43.473 [info] fatal: not a git repository (or any parent up to mount point /)
Stopping at filesystem boundary (GIT_DISCOVERY_ACROSS_FILESYSTEM not set).
2025-03-03 20:51:44.950 [info] > git rev-parse --show-toplevel [4ms]
2025-03-03 20:51:44.950 [info] fatal: not a git repository (or any parent up to mount point /)
Stopping at filesystem boundary (GIT_DISCOVERY_ACROSS_FILESYSTEM not set).
2025-03-03 20:51:46.082 [info] > git rev-parse --show-toplevel [3ms]
2025-03-03 20:51:46.082 [info] fatal: not a git repository (or any parent up to mount point /)
Stopping at filesystem boundary (GIT_DISCOVERY_ACROSS_FILESYSTEM not set).
2025-03-03 20:52:21.854 [info] > git rev-parse --show-toplevel [2ms]
2025-03-03 20:52:21.854 [info] fatal: not a git repository (or any parent up to mount point /)
Stopping at filesystem boundary (GIT_DISCOVERY_ACROSS_FILESYSTEM not set).
2025-03-03 20:52:24.642 [info] > git rev-parse --show-toplevel [4ms]
2025-03-03 20:52:24.642 [info] fatal: not a git repository (or any parent up to mount point /)
Stopping at filesystem boundary (GIT_DISCOVERY_ACROSS_FILESYSTEM not set).
2025-03-03 20:52:26.127 [info] > git rev-parse --show-toplevel [3ms]
2025-03-03 20:52:26.127 [info] fatal: not a git repository (or any parent up to mount point /)
Stopping at filesystem boundary (GIT_DISCOVERY_ACROSS_FILESYSTEM not set).
2025-03-03 20:52:28.086 [info] > git rev-parse --show-toplevel [5ms]
2025-03-03 20:52:28.087 [info] fatal: not a git repository (or any parent up to mount point /)
Stopping at filesystem boundary (GIT_DISCOVERY_ACROSS_FILESYSTEM not set).
2025-03-03 20:52:31.905 [info] > git rev-parse --show-toplevel [2ms]
2025-03-03 20:52:31.905 [info] fatal: not a git repository (or any parent up to mount point /)
Stopping at filesystem boundary (GIT_DISCOVERY_ACROSS_FILESYSTEM not set).
2025-03-03 20:52:32.906 [info] > git rev-parse --show-toplevel [6ms]
2025-03-03 20:52:32.906 [info] fatal: not a git repository (or any parent up to mount point /)
Stopping at filesystem boundary (GIT_DISCOVERY_ACROSS_FILESYSTEM not set).
2025-03-03 20:52:42.936 [info] > git rev-parse --show-toplevel [4ms]
2025-03-03 20:52:42.936 [info] fatal: not a git repository (or any parent up to mount point /)
Stopping at filesystem boundary (GIT_DISCOVERY_ACROSS_FILESYSTEM not set).
2025-03-03 20:52:43.118 [info] > git rev-parse --show-toplevel [6ms]
2025-03-03 20:52:43.118 [info] fatal: not a git repository (or any parent up to mount point /)
Stopping at filesystem boundary (GIT_DISCOVERY_ACROSS_FILESYSTEM not set).
2025-03-03 20:52:43.138 [info] > git rev-parse --show-toplevel [5ms]
2025-03-03 20:52:43.138 [info] fatal: not a git repository (or any parent up to mount point /)
Stopping at filesystem boundary (GIT_DISCOVERY_ACROSS_FILESYSTEM not set).
2025-03-03 20:52:43.164 [info] > git rev-parse --show-toplevel [6ms]
2025-03-03 20:52:43.164 [info] fatal: not a git repository (or any parent up to mount point /)
Stopping at filesystem boundary (GIT_DISCOVERY_ACROSS_FILESYSTEM not set).
2025-03-03 21:00:46.954 [info] > git rev-parse --show-toplevel [5ms]
2025-03-03 21:00:46.954 [info] fatal: not a git repository (or any parent up to mount point /)
Stopping at filesystem boundary (GIT_DISCOVERY_ACROSS_FILESYSTEM not set).
2025-03-03 21:00:47.897 [info] > git rev-parse --show-toplevel [3ms]
2025-03-03 21:00:47.897 [info] fatal: not a git repository (or any parent up to mount point /)
Stopping at filesystem boundary (GIT_DISCOVERY_ACROSS_FILESYSTEM not set).
2025-03-03 21:00:51.072 [info] > git rev-parse --show-toplevel [2ms]
2025-03-03 21:00:51.072 [info] fatal: not a git repository (or any parent up to mount point /)
Stopping at filesystem boundary (GIT_DISCOVERY_ACROSS_FILESYSTEM not set).
2025-03-03 21:00:52.504 [info] > git rev-parse --show-toplevel [3ms]
2025-03-03 21:00:52.504 [info] fatal: not a git repository (or any parent up to mount point /)
Stopping at filesystem boundary (GIT_DISCOVERY_ACROSS_FILESYSTEM not set).
2025-03-03 21:00:56.087 [info] > git rev-parse --show-toplevel [4ms]
2025-03-03 21:00:56.087 [info] fatal: not a git repository (or any parent up to mount point /)
Stopping at filesystem boundary (GIT_DISCOVERY_ACROSS_FILESYSTEM not set).
2025-03-03 21:00:57.469 [info] > git rev-parse --show-toplevel [5ms]
2025-03-03 21:00:57.469 [info] fatal: not a git repository (or any parent up to mount point /)
Stopping at filesystem boundary (GIT_DISCOVERY_ACROSS_FILESYSTEM not set).
